2018-Aug-25 08:32:45.534 INFO  [restartedMain] c.t.SpringBootLearning - Starting SpringBootLearning on DESKTOP-98BAMO0 with PID 4568 (F:\sts-workspace\spring-boot-sample\spring-boot-sample\target\classes started by tech prudent in F:\sts-workspace\spring-boot-sample\spring-boot-sample)
2018-Aug-25 08:32:45.557 INFO  [restartedMain] c.t.SpringBootLearning - The following profiles are active: dev
2018-Aug-25 08:32:45.693 INFO  [restartedMain] o.s.b.w.s.c.AnnotationConfigServletWebServerApplicationContext - Refreshing org.springframework.boot.web.servlet.context.AnnotationConfigServletWebServerApplicationContext@79f49a70: startup date [Sat Aug 25 08:32:45 IST 2018]; root of context hierarchy
2018-Aug-25 08:32:51.185 INFO  [restartedMain] o.s.b.w.e.t.TomcatWebServer - Tomcat initialized with port(s): 8080 (http)
2018-Aug-25 08:32:51.247 INFO  [restartedMain] o.a.c.c.StandardService - Starting service [Tomcat]
2018-Aug-25 08:32:51.248 INFO  [restartedMain] o.a.c.c.StandardEngine - Starting Servlet Engine: Apache Tomcat/8.5.32
2018-Aug-25 08:32:51.259 INFO  [localhost-startStop-1] o.a.c.c.AprLifecycleListener - The APR based Apache Tomcat Native library which allows optimal performance in production environments was not found on the java.library.path: [C:\Program Files\Java\jdk1.8.0_181\bin;C:\Windows\Sun\Java\bin;C:\Windows\system32;C:\Windows;C:/Program Files/Java/jre1.8.0_181/bin/server;C:/Program Files/Java/jre1.8.0_181/bin;C:/Program Files/Java/jre1.8.0_181/lib/amd64;C:\Program Files (x86)\Common Files\Oracle\Java\javapath;C:\Windows\system32;C:\Windows;C:\Windows\System32\Wbem;C:\Windows\System32\WindowsPowerShell\v1.0\;C:\spring-roo-2.0.0.RELEASE\bin;C:\apache-maven-3.5.4\bin;C:\Program Files\Git\cmd; C:\Program Files\Java\jdk-10.0.2\bin;%SPRING_HOME%\bin;;F:\software\sts-bundle\sts-3.9.5.RELEASE;;.]
2018-Aug-25 08:32:51.509 INFO  [localhost-startStop-1] o.a.c.c.C.[.[.[/] - Initializing Spring embedded WebApplicationContext
2018-Aug-25 08:32:51.509 INFO  [localhost-startStop-1] o.s.w.c.ContextLoader - Root WebApplicationContext: initialization completed in 5816 ms
2018-Aug-25 08:32:53.858 INFO  [localhost-startStop-1] o.s.b.w.s.FilterRegistrationBean - Mapping filter: 'characterEncodingFilter' to: [/*]
2018-Aug-25 08:32:53.861 INFO  [localhost-startStop-1] o.s.b.w.s.FilterRegistrationBean - Mapping filter: 'webMvcMetricsFilter' to: [/*]
2018-Aug-25 08:32:53.864 INFO  [localhost-startStop-1] o.s.b.w.s.FilterRegistrationBean - Mapping filter: 'hiddenHttpMethodFilter' to: [/*]
2018-Aug-25 08:32:53.866 INFO  [localhost-startStop-1] o.s.b.w.s.FilterRegistrationBean - Mapping filter: 'httpPutFormContentFilter' to: [/*]
2018-Aug-25 08:32:53.870 INFO  [localhost-startStop-1] o.s.b.w.s.FilterRegistrationBean - Mapping filter: 'requestContextFilter' to: [/*]
2018-Aug-25 08:32:53.903 INFO  [localhost-startStop-1] o.s.b.w.s.DelegatingFilterProxyRegistrationBean - Mapping filter: 'springSecurityFilterChain' to: [/*]
2018-Aug-25 08:32:53.915 INFO  [localhost-startStop-1] o.s.b.w.s.FilterRegistrationBean - Mapping filter: 'httpTraceFilter' to: [/*]
2018-Aug-25 08:32:53.919 INFO  [localhost-startStop-1] o.s.b.w.s.ServletRegistrationBean - Servlet dispatcherServlet mapped to [/]
2018-Aug-25 08:32:54.306 INFO  [restartedMain] c.t.log.LogTest - 

2018-Aug-25 08:32:54.308 INFO  [restartedMain] c.t.log.LogTest - INFO Message
2018-Aug-25 08:32:54.309 WARN  [restartedMain] c.t.log.LogTest - WARN Message
2018-Aug-25 08:32:54.312 ERROR [restartedMain] c.t.log.LogTest - ERROR Message
2018-Aug-25 08:32:54.313 INFO  [restartedMain] c.t.log.LogTest - 

2018-Aug-25 08:32:55.894 INFO  [restartedMain] o.s.s.w.DefaultSecurityFilterChain - Creating filter chain: org.springframework.security.web.util.matcher.AnyRequestMatcher@1, [org.springframework.security.web.context.request.async.WebAsyncManagerIntegrationFilter@5c271e41, org.springframework.security.web.context.SecurityContextPersistenceFilter@18ff0e7b, org.springframework.security.web.header.HeaderWriterFilter@caf8ef8, org.springframework.security.web.csrf.CsrfFilter@850777e, org.springframework.security.web.authentication.logout.LogoutFilter@568066d8, org.springframework.security.web.savedrequest.RequestCacheAwareFilter@159a070c, org.springframework.security.web.servletapi.SecurityContextHolderAwareRequestFilter@5a7c04c2, org.springframework.security.web.authentication.AnonymousAuthenticationFilter@875f706, org.springframework.security.web.session.SessionManagementFilter@281de2d8, org.springframework.security.web.access.ExceptionTranslationFilter@7fa7ccd3, org.springframework.security.web.access.intercept.FilterSecurityInterceptor@1330b9d0]
2018-Aug-25 08:32:56.352 INFO  [restartedMain] o.s.w.s.h.SimpleUrlHandlerMapping - Mapped URL path [/**/favicon.ico] onto handler of type [class org.springframework.web.servlet.resource.ResourceHttpRequestHandler]
2018-Aug-25 08:32:57.062 INFO  [restartedMain] o.s.w.s.m.m.a.RequestMappingHandlerAdapter - Looking for @ControllerAdvice: org.springframework.boot.web.servlet.context.AnnotationConfigServletWebServerApplicationContext@79f49a70: startup date [Sat Aug 25 08:32:45 IST 2018]; root of context hierarchy
2018-Aug-25 08:32:57.231 INFO  [restartedMain] o.s.w.s.m.m.a.RequestMappingHandlerMapping - Mapped "{[/test/get],methods=[GET]}" onto java.lang.String com.techprudent.controller.TestController.get()
2018-Aug-25 08:32:57.235 INFO  [restartedMain] o.s.w.s.m.m.a.RequestMappingHandlerMapping - Mapped "{[/test/advice],methods=[GET]}" onto org.springframework.http.ResponseEntity<java.lang.String> com.techprudent.controller.TestController.getAdvice()
2018-Aug-25 08:32:57.238 INFO  [restartedMain] o.s.w.s.m.m.a.RequestMappingHandlerMapping - Mapped "{[/security/test],methods=[GET]}" onto java.lang.String com.techprudent.security.SecurityController.doSecurityTest()
2018-Aug-25 08:32:57.249 INFO  [restartedMain] o.s.w.s.m.m.a.RequestMappingHandlerMapping - Mapped "{[/error]}" onto public org.springframework.http.ResponseEntity<java.util.Map<java.lang.String, java.lang.Object>> org.springframework.boot.autoconfigure.web.servlet.error.BasicErrorController.error(javax.servlet.http.HttpServletRequest)
2018-Aug-25 08:32:57.251 INFO  [restartedMain] o.s.w.s.m.m.a.RequestMappingHandlerMapping - Mapped "{[/error],produces=[text/html]}" onto public org.springframework.web.servlet.ModelAndView org.springframework.boot.autoconfigure.web.servlet.error.BasicErrorController.errorHtml(javax.servlet.http.HttpServletRequest,javax.servlet.http.HttpServletResponse)
2018-Aug-25 08:32:57.333 INFO  [restartedMain] o.s.w.s.h.SimpleUrlHandlerMapping - Mapped URL path [/webjars/**] onto handler of type [class org.springframework.web.servlet.resource.ResourceHttpRequestHandler]
2018-Aug-25 08:32:57.333 INFO  [restartedMain] o.s.w.s.h.SimpleUrlHandlerMapping - Mapped URL path [/**] onto handler of type [class org.springframework.web.servlet.resource.ResourceHttpRequestHandler]
2018-Aug-25 08:32:57.389 INFO  [restartedMain] o.s.w.s.m.m.a.ExceptionHandlerExceptionResolver - Detected @ExceptionHandler methods in testRestControllerAdvice
2018-Aug-25 08:32:58.236 INFO  [restartedMain] o.s.b.d.a.OptionalLiveReloadServer - LiveReload server is running on port 35729
2018-Aug-25 08:32:58.310 INFO  [restartedMain] o.s.b.a.e.w.EndpointLinksResolver - Exposing 15 endpoint(s) beneath base path '/actuator'
2018-Aug-25 08:32:58.351 INFO  [restartedMain] o.s.b.a.e.w.s.WebMvcEndpointHandlerMapping - Mapped "{[/actuator/auditevents],methods=[GET],produces=[application/vnd.spring-boot.actuator.v2+json || application/json]}" onto public java.lang.Object org.springframework.boot.actuate.endpoint.web.servlet.AbstractWebMvcEndpointHandlerMapping$OperationHandler.handle(javax.servlet.http.HttpServletRequest,java.util.Map<java.lang.String, java.lang.String>)
2018-Aug-25 08:32:58.357 INFO  [restartedMain] o.s.b.a.e.w.s.WebMvcEndpointHandlerMapping - Mapped "{[/actuator/beans],methods=[GET],produces=[application/vnd.spring-boot.actuator.v2+json || application/json]}" onto public java.lang.Object org.springframework.boot.actuate.endpoint.web.servlet.AbstractWebMvcEndpointHandlerMapping$OperationHandler.handle(javax.servlet.http.HttpServletRequest,java.util.Map<java.lang.String, java.lang.String>)
2018-Aug-25 08:32:58.372 INFO  [restartedMain] o.s.b.a.e.w.s.WebMvcEndpointHandlerMapping - Mapped "{[/actuator/health],methods=[GET],produces=[application/vnd.spring-boot.actuator.v2+json || application/json]}" onto public java.lang.Object org.springframework.boot.actuate.endpoint.web.servlet.AbstractWebMvcEndpointHandlerMapping$OperationHandler.handle(javax.servlet.http.HttpServletRequest,java.util.Map<java.lang.String, java.lang.String>)
2018-Aug-25 08:32:58.378 INFO  [restartedMain] o.s.b.a.e.w.s.WebMvcEndpointHandlerMapping - Mapped "{[/actuator/conditions],methods=[GET],produces=[application/vnd.spring-boot.actuator.v2+json || application/json]}" onto public java.lang.Object org.springframework.boot.actuate.endpoint.web.servlet.AbstractWebMvcEndpointHandlerMapping$OperationHandler.handle(javax.servlet.http.HttpServletRequest,java.util.Map<java.lang.String, java.lang.String>)
2018-Aug-25 08:32:58.382 INFO  [restartedMain] o.s.b.a.e.w.s.WebMvcEndpointHandlerMapping - Mapped "{[/actuator/configprops],methods=[GET],produces=[application/vnd.spring-boot.actuator.v2+json || application/json]}" onto public java.lang.Object org.springframework.boot.actuate.endpoint.web.servlet.AbstractWebMvcEndpointHandlerMapping$OperationHandler.handle(javax.servlet.http.HttpServletRequest,java.util.Map<java.lang.String, java.lang.String>)
2018-Aug-25 08:32:58.389 INFO  [restartedMain] o.s.b.a.e.w.s.WebMvcEndpointHandlerMapping - Mapped "{[/actuator/env],methods=[GET],produces=[application/vnd.spring-boot.actuator.v2+json || application/json]}" onto public java.lang.Object org.springframework.boot.actuate.endpoint.web.servlet.AbstractWebMvcEndpointHandlerMapping$OperationHandler.handle(javax.servlet.http.HttpServletRequest,java.util.Map<java.lang.String, java.lang.String>)
2018-Aug-25 08:32:58.394 INFO  [restartedMain] o.s.b.a.e.w.s.WebMvcEndpointHandlerMapping - Mapped "{[/actuator/env/{toMatch}],methods=[GET],produces=[application/vnd.spring-boot.actuator.v2+json || application/json]}" onto public java.lang.Object org.springframework.boot.actuate.endpoint.web.servlet.AbstractWebMvcEndpointHandlerMapping$OperationHandler.handle(javax.servlet.http.HttpServletRequest,java.util.Map<java.lang.String, java.lang.String>)
2018-Aug-25 08:32:58.400 INFO  [restartedMain] o.s.b.a.e.w.s.WebMvcEndpointHandlerMapping - Mapped "{[/actuator/info],methods=[GET],produces=[application/vnd.spring-boot.actuator.v2+json || application/json]}" onto public java.lang.Object org.springframework.boot.actuate.endpoint.web.servlet.AbstractWebMvcEndpointHandlerMapping$OperationHandler.handle(javax.servlet.http.HttpServletRequest,java.util.Map<java.lang.String, java.lang.String>)
2018-Aug-25 08:32:58.409 INFO  [restartedMain] o.s.b.a.e.w.s.WebMvcEndpointHandlerMapping - Mapped "{[/actuator/logfile],methods=[GET],produces=[application/octet-stream]}" onto public java.lang.Object org.springframework.boot.actuate.endpoint.web.servlet.AbstractWebMvcEndpointHandlerMapping$OperationHandler.handle(javax.servlet.http.HttpServletRequest,java.util.Map<java.lang.String, java.lang.String>)
2018-Aug-25 08:32:58.411 INFO  [restartedMain] o.s.b.a.e.w.s.WebMvcEndpointHandlerMapping - Mapped "{[/actuator/loggers],methods=[GET],produces=[application/vnd.spring-boot.actuator.v2+json || application/json]}" onto public java.lang.Object org.springframework.boot.actuate.endpoint.web.servlet.AbstractWebMvcEndpointHandlerMapping$OperationHandler.handle(javax.servlet.http.HttpServletRequest,java.util.Map<java.lang.String, java.lang.String>)
2018-Aug-25 08:32:58.413 INFO  [restartedMain] o.s.b.a.e.w.s.WebMvcEndpointHandlerMapping - Mapped "{[/actuator/loggers/{name}],methods=[GET],produces=[application/vnd.spring-boot.actuator.v2+json || application/json]}" onto public java.lang.Object org.springframework.boot.actuate.endpoint.web.servlet.AbstractWebMvcEndpointHandlerMapping$OperationHandler.handle(javax.servlet.http.HttpServletRequest,java.util.Map<java.lang.String, java.lang.String>)
2018-Aug-25 08:32:58.418 INFO  [restartedMain] o.s.b.a.e.w.s.WebMvcEndpointHandlerMapping - Mapped "{[/actuator/loggers/{name}],methods=[POST],consumes=[application/vnd.spring-boot.actuator.v2+json || application/json]}" onto public java.lang.Object org.springframework.boot.actuate.endpoint.web.servlet.AbstractWebMvcEndpointHandlerMapping$OperationHandler.handle(javax.servlet.http.HttpServletRequest,java.util.Map<java.lang.String, java.lang.String>)
2018-Aug-25 08:32:58.419 INFO  [restartedMain] o.s.b.a.e.w.s.WebMvcEndpointHandlerMapping - Mapped "{[/actuator/heapdump],methods=[GET],produces=[application/octet-stream]}" onto public java.lang.Object org.springframework.boot.actuate.endpoint.web.servlet.AbstractWebMvcEndpointHandlerMapping$OperationHandler.handle(javax.servlet.http.HttpServletRequest,java.util.Map<java.lang.String, java.lang.String>)
2018-Aug-25 08:32:58.421 INFO  [restartedMain] o.s.b.a.e.w.s.WebMvcEndpointHandlerMapping - Mapped "{[/actuator/threaddump],methods=[GET],produces=[application/vnd.spring-boot.actuator.v2+json || application/json]}" onto public java.lang.Object org.springframework.boot.actuate.endpoint.web.servlet.AbstractWebMvcEndpointHandlerMapping$OperationHandler.handle(javax.servlet.http.HttpServletRequest,java.util.Map<java.lang.String, java.lang.String>)
2018-Aug-25 08:32:58.422 INFO  [restartedMain] o.s.b.a.e.w.s.WebMvcEndpointHandlerMapping - Mapped "{[/actuator/metrics/{requiredMetricName}],methods=[GET],produces=[application/vnd.spring-boot.actuator.v2+json || application/json]}" onto public java.lang.Object org.springframework.boot.actuate.endpoint.web.servlet.AbstractWebMvcEndpointHandlerMapping$OperationHandler.handle(javax.servlet.http.HttpServletRequest,java.util.Map<java.lang.String, java.lang.String>)
2018-Aug-25 08:32:58.425 INFO  [restartedMain] o.s.b.a.e.w.s.WebMvcEndpointHandlerMapping - Mapped "{[/actuator/metrics],methods=[GET],produces=[application/vnd.spring-boot.actuator.v2+json || application/json]}" onto public java.lang.Object org.springframework.boot.actuate.endpoint.web.servlet.AbstractWebMvcEndpointHandlerMapping$OperationHandler.handle(javax.servlet.http.HttpServletRequest,java.util.Map<java.lang.String, java.lang.String>)
2018-Aug-25 08:32:58.434 INFO  [restartedMain] o.s.b.a.e.w.s.WebMvcEndpointHandlerMapping - Mapped "{[/actuator/scheduledtasks],methods=[GET],produces=[application/vnd.spring-boot.actuator.v2+json || application/json]}" onto public java.lang.Object org.springframework.boot.actuate.endpoint.web.servlet.AbstractWebMvcEndpointHandlerMapping$OperationHandler.handle(javax.servlet.http.HttpServletRequest,java.util.Map<java.lang.String, java.lang.String>)
2018-Aug-25 08:32:58.439 INFO  [restartedMain] o.s.b.a.e.w.s.WebMvcEndpointHandlerMapping - Mapped "{[/actuator/httptrace],methods=[GET],produces=[application/vnd.spring-boot.actuator.v2+json || application/json]}" onto public java.lang.Object org.springframework.boot.actuate.endpoint.web.servlet.AbstractWebMvcEndpointHandlerMapping$OperationHandler.handle(javax.servlet.http.HttpServletRequest,java.util.Map<java.lang.String, java.lang.String>)
2018-Aug-25 08:32:58.440 INFO  [restartedMain] o.s.b.a.e.w.s.WebMvcEndpointHandlerMapping - Mapped "{[/actuator/mappings],methods=[GET],produces=[application/vnd.spring-boot.actuator.v2+json || application/json]}" onto public java.lang.Object org.springframework.boot.actuate.endpoint.web.servlet.AbstractWebMvcEndpointHandlerMapping$OperationHandler.handle(javax.servlet.http.HttpServletRequest,java.util.Map<java.lang.String, java.lang.String>)
2018-Aug-25 08:32:58.444 INFO  [restartedMain] o.s.b.a.e.w.s.WebMvcEndpointHandlerMapping - Mapped "{[/actuator],methods=[GET],produces=[application/vnd.spring-boot.actuator.v2+json || application/json]}" onto protected java.util.Map<java.lang.String, java.util.Map<java.lang.String, org.springframework.boot.actuate.endpoint.web.Link>> org.springframework.boot.actuate.endpoint.web.servlet.WebMvcEndpointHandlerMapping.links(javax.servlet.http.HttpServletRequest,javax.servlet.http.HttpServletResponse)
2018-Aug-25 08:32:58.758 INFO  [restartedMain] o.s.j.e.a.AnnotationMBeanExporter - Registering beans for JMX exposure on startup
2018-Aug-25 08:32:58.947 INFO  [restartedMain] o.s.b.w.e.t.TomcatWebServer - Tomcat started on port(s): 8080 (http) with context path ''
2018-Aug-25 08:32:58.959 INFO  [restartedMain] c.t.SpringBootLearning - Started SpringBootLearning in 15.481 seconds (JVM running for 19.969)
2018-Aug-25 08:50:15.533 INFO  [RMI TCP Connection(30)-127.0.0.1] o.s.b.a.SpringApplicationAdminMXBeanRegistrar$SpringApplicationAdmin - Application shutdown requested.
2018-Aug-25 08:50:15.534 INFO  [RMI TCP Connection(30)-127.0.0.1] o.s.b.w.s.c.AnnotationConfigServletWebServerApplicationContext - Closing org.springframework.boot.web.servlet.context.AnnotationConfigServletWebServerApplicationContext@79f49a70: startup date [Sat Aug 25 08:32:45 IST 2018]; root of context hierarchy
2018-Aug-25 08:50:15.544 INFO  [RMI TCP Connection(30)-127.0.0.1] o.s.j.e.a.AnnotationMBeanExporter - Unregistering JMX-exposed beans on shutdown
2018-Aug-25 08:55:30.331 INFO  [restartedMain] c.t.SpringBootLearning - Starting SpringBootLearning on DESKTOP-98BAMO0 with PID 7936 (F:\sts-workspace\spring-boot-sample\spring-boot-sample\target\classes started by tech prudent in F:\sts-workspace\spring-boot-sample\spring-boot-sample)
2018-Aug-25 08:55:30.338 INFO  [restartedMain] c.t.SpringBootLearning - The following profiles are active: dev
2018-Aug-25 08:55:30.513 INFO  [restartedMain] o.s.b.w.s.c.AnnotationConfigServletWebServerApplicationContext - Refreshing org.springframework.boot.web.servlet.context.AnnotationConfigServletWebServerApplicationContext@38a981be: startup date [Sat Aug 25 08:55:30 IST 2018]; root of context hierarchy
2018-Aug-25 08:55:36.287 INFO  [restartedMain] o.s.b.w.e.t.TomcatWebServer - Tomcat initialized with port(s): 8080 (http)
2018-Aug-25 08:55:36.344 INFO  [restartedMain] o.a.c.c.StandardService - Starting service [Tomcat]
2018-Aug-25 08:55:36.346 INFO  [restartedMain] o.a.c.c.StandardEngine - Starting Servlet Engine: Apache Tomcat/8.5.32
2018-Aug-25 08:55:36.364 INFO  [localhost-startStop-1] o.a.c.c.AprLifecycleListener - The APR based Apache Tomcat Native library which allows optimal performance in production environments was not found on the java.library.path: [C:\Program Files\Java\jdk1.8.0_181\bin;C:\Windows\Sun\Java\bin;C:\Windows\system32;C:\Windows;C:/Program Files/Java/jre1.8.0_181/bin/server;C:/Program Files/Java/jre1.8.0_181/bin;C:/Program Files/Java/jre1.8.0_181/lib/amd64;C:\Program Files (x86)\Common Files\Oracle\Java\javapath;C:\Windows\system32;C:\Windows;C:\Windows\System32\Wbem;C:\Windows\System32\WindowsPowerShell\v1.0\;C:\spring-roo-2.0.0.RELEASE\bin;C:\apache-maven-3.5.4\bin;C:\Program Files\Git\cmd; C:\Program Files\Java\jdk-10.0.2\bin;%SPRING_HOME%\bin;;F:\software\sts-bundle\sts-3.9.5.RELEASE;;.]
2018-Aug-25 08:55:36.670 INFO  [localhost-startStop-1] o.a.c.c.C.[.[.[/] - Initializing Spring embedded WebApplicationContext
2018-Aug-25 08:55:36.671 INFO  [localhost-startStop-1] o.s.w.c.ContextLoader - Root WebApplicationContext: initialization completed in 6158 ms
2018-Aug-25 08:55:38.562 INFO  [localhost-startStop-1] o.s.b.w.s.FilterRegistrationBean - Mapping filter: 'characterEncodingFilter' to: [/*]
2018-Aug-25 08:55:38.564 INFO  [localhost-startStop-1] o.s.b.w.s.FilterRegistrationBean - Mapping filter: 'webMvcMetricsFilter' to: [/*]
2018-Aug-25 08:55:38.566 INFO  [localhost-startStop-1] o.s.b.w.s.FilterRegistrationBean - Mapping filter: 'hiddenHttpMethodFilter' to: [/*]
2018-Aug-25 08:55:38.567 INFO  [localhost-startStop-1] o.s.b.w.s.FilterRegistrationBean - Mapping filter: 'httpPutFormContentFilter' to: [/*]
2018-Aug-25 08:55:38.568 INFO  [localhost-startStop-1] o.s.b.w.s.FilterRegistrationBean - Mapping filter: 'requestContextFilter' to: [/*]
2018-Aug-25 08:55:38.571 INFO  [localhost-startStop-1] o.s.b.w.s.DelegatingFilterProxyRegistrationBean - Mapping filter: 'springSecurityFilterChain' to: [/*]
2018-Aug-25 08:55:38.572 INFO  [localhost-startStop-1] o.s.b.w.s.FilterRegistrationBean - Mapping filter: 'httpTraceFilter' to: [/*]
2018-Aug-25 08:55:38.574 INFO  [localhost-startStop-1] o.s.b.w.s.ServletRegistrationBean - Servlet dispatcherServlet mapped to [/]
2018-Aug-25 08:55:38.707 INFO  [restartedMain] c.t.log.LogTest - 

2018-Aug-25 08:55:38.708 INFO  [restartedMain] c.t.log.LogTest - INFO Message
2018-Aug-25 08:55:38.708 WARN  [restartedMain] c.t.log.LogTest - WARN Message
2018-Aug-25 08:55:38.708 ERROR [restartedMain] c.t.log.LogTest - ERROR Message
2018-Aug-25 08:55:38.709 INFO  [restartedMain] c.t.log.LogTest - 

2018-Aug-25 08:55:40.014 INFO  [restartedMain] o.s.s.w.DefaultSecurityFilterChain - Creating filter chain: org.springframework.security.web.util.matcher.AnyRequestMatcher@1, [org.springframework.security.web.context.request.async.WebAsyncManagerIntegrationFilter@c93663b, org.springframework.security.web.context.SecurityContextPersistenceFilter@79783a7d, org.springframework.security.web.header.HeaderWriterFilter@5e3fffee, org.springframework.security.web.csrf.CsrfFilter@14c13dbd, org.springframework.security.web.authentication.logout.LogoutFilter@55b965f0, org.springframework.security.web.savedrequest.RequestCacheAwareFilter@29ede02a, org.springframework.security.web.servletapi.SecurityContextHolderAwareRequestFilter@664ff8dc, org.springframework.security.web.authentication.AnonymousAuthenticationFilter@54286638, org.springframework.security.web.session.SessionManagementFilter@2a62eef5, org.springframework.security.web.access.ExceptionTranslationFilter@d5fcd00, org.springframework.security.web.access.intercept.FilterSecurityInterceptor@2a6b7eb9]
2018-Aug-25 08:55:40.287 INFO  [restartedMain] o.s.w.s.h.SimpleUrlHandlerMapping - Mapped URL path [/**/favicon.ico] onto handler of type [class org.springframework.web.servlet.resource.ResourceHttpRequestHandler]
2018-Aug-25 08:55:41.031 INFO  [restartedMain] o.s.w.s.m.m.a.RequestMappingHandlerAdapter - Looking for @ControllerAdvice: org.springframework.boot.web.servlet.context.AnnotationConfigServletWebServerApplicationContext@38a981be: startup date [Sat Aug 25 08:55:30 IST 2018]; root of context hierarchy
2018-Aug-25 08:55:41.177 INFO  [restartedMain] o.s.w.s.m.m.a.RequestMappingHandlerMapping - Mapped "{[/test/get],methods=[GET]}" onto java.lang.String com.techprudent.controller.TestController.get()
2018-Aug-25 08:55:41.180 INFO  [restartedMain] o.s.w.s.m.m.a.RequestMappingHandlerMapping - Mapped "{[/test/advice],methods=[GET]}" onto org.springframework.http.ResponseEntity<java.lang.String> com.techprudent.controller.TestController.getAdvice()
2018-Aug-25 08:55:41.184 INFO  [restartedMain] o.s.w.s.m.m.a.RequestMappingHandlerMapping - Mapped "{[/security/test],methods=[GET]}" onto java.lang.String com.techprudent.security.SecurityController.doSecurityTest()
2018-Aug-25 08:55:41.206 INFO  [restartedMain] o.s.w.s.m.m.a.RequestMappingHandlerMapping - Mapped "{[/error]}" onto public org.springframework.http.ResponseEntity<java.util.Map<java.lang.String, java.lang.Object>> org.springframework.boot.autoconfigure.web.servlet.error.BasicErrorController.error(javax.servlet.http.HttpServletRequest)
2018-Aug-25 08:55:41.210 INFO  [restartedMain] o.s.w.s.m.m.a.RequestMappingHandlerMapping - Mapped "{[/error],produces=[text/html]}" onto public org.springframework.web.servlet.ModelAndView org.springframework.boot.autoconfigure.web.servlet.error.BasicErrorController.errorHtml(javax.servlet.http.HttpServletRequest,javax.servlet.http.HttpServletResponse)
2018-Aug-25 08:55:41.289 INFO  [restartedMain] o.s.w.s.h.SimpleUrlHandlerMapping - Mapped URL path [/webjars/**] onto handler of type [class org.springframework.web.servlet.resource.ResourceHttpRequestHandler]
2018-Aug-25 08:55:41.289 INFO  [restartedMain] o.s.w.s.h.SimpleUrlHandlerMapping - Mapped URL path [/**] onto handler of type [class org.springframework.web.servlet.resource.ResourceHttpRequestHandler]
2018-Aug-25 08:55:41.347 INFO  [restartedMain] o.s.w.s.m.m.a.ExceptionHandlerExceptionResolver - Detected @ExceptionHandler methods in testRestControllerAdvice
2018-Aug-25 08:55:42.237 INFO  [restartedMain] o.s.b.d.a.OptionalLiveReloadServer - LiveReload server is running on port 35729
2018-Aug-25 08:55:42.264 INFO  [restartedMain] o.s.b.a.e.w.EndpointLinksResolver - Exposing 15 endpoint(s) beneath base path '/actuator'
2018-Aug-25 08:55:42.285 INFO  [restartedMain] o.s.b.a.e.w.s.WebMvcEndpointHandlerMapping - Mapped "{[/actuator/auditevents],methods=[GET],produces=[application/vnd.spring-boot.actuator.v2+json || application/json]}" onto public java.lang.Object org.springframework.boot.actuate.endpoint.web.servlet.AbstractWebMvcEndpointHandlerMapping$OperationHandler.handle(javax.servlet.http.HttpServletRequest,java.util.Map<java.lang.String, java.lang.String>)
2018-Aug-25 08:55:42.288 INFO  [restartedMain] o.s.b.a.e.w.s.WebMvcEndpointHandlerMapping - Mapped "{[/actuator/beans],methods=[GET],produces=[application/vnd.spring-boot.actuator.v2+json || application/json]}" onto public java.lang.Object org.springframework.boot.actuate.endpoint.web.servlet.AbstractWebMvcEndpointHandlerMapping$OperationHandler.handle(javax.servlet.http.HttpServletRequest,java.util.Map<java.lang.String, java.lang.String>)
2018-Aug-25 08:55:42.289 INFO  [restartedMain] o.s.b.a.e.w.s.WebMvcEndpointHandlerMapping - Mapped "{[/actuator/health],methods=[GET],produces=[application/vnd.spring-boot.actuator.v2+json || application/json]}" onto public java.lang.Object org.springframework.boot.actuate.endpoint.web.servlet.AbstractWebMvcEndpointHandlerMapping$OperationHandler.handle(javax.servlet.http.HttpServletRequest,java.util.Map<java.lang.String, java.lang.String>)
2018-Aug-25 08:55:42.290 INFO  [restartedMain] o.s.b.a.e.w.s.WebMvcEndpointHandlerMapping - Mapped "{[/actuator/conditions],methods=[GET],produces=[application/vnd.spring-boot.actuator.v2+json || application/json]}" onto public java.lang.Object org.springframework.boot.actuate.endpoint.web.servlet.AbstractWebMvcEndpointHandlerMapping$OperationHandler.handle(javax.servlet.http.HttpServletRequest,java.util.Map<java.lang.String, java.lang.String>)
2018-Aug-25 08:55:42.291 INFO  [restartedMain] o.s.b.a.e.w.s.WebMvcEndpointHandlerMapping - Mapped "{[/actuator/configprops],methods=[GET],produces=[application/vnd.spring-boot.actuator.v2+json || application/json]}" onto public java.lang.Object org.springframework.boot.actuate.endpoint.web.servlet.AbstractWebMvcEndpointHandlerMapping$OperationHandler.handle(javax.servlet.http.HttpServletRequest,java.util.Map<java.lang.String, java.lang.String>)
2018-Aug-25 08:55:42.292 INFO  [restartedMain] o.s.b.a.e.w.s.WebMvcEndpointHandlerMapping - Mapped "{[/actuator/env],methods=[GET],produces=[application/vnd.spring-boot.actuator.v2+json || application/json]}" onto public java.lang.Object org.springframework.boot.actuate.endpoint.web.servlet.AbstractWebMvcEndpointHandlerMapping$OperationHandler.handle(javax.servlet.http.HttpServletRequest,java.util.Map<java.lang.String, java.lang.String>)
2018-Aug-25 08:55:42.293 INFO  [restartedMain] o.s.b.a.e.w.s.WebMvcEndpointHandlerMapping - Mapped "{[/actuator/env/{toMatch}],methods=[GET],produces=[application/vnd.spring-boot.actuator.v2+json || application/json]}" onto public java.lang.Object org.springframework.boot.actuate.endpoint.web.servlet.AbstractWebMvcEndpointHandlerMapping$OperationHandler.handle(javax.servlet.http.HttpServletRequest,java.util.Map<java.lang.String, java.lang.String>)
2018-Aug-25 08:55:42.294 INFO  [restartedMain] o.s.b.a.e.w.s.WebMvcEndpointHandlerMapping - Mapped "{[/actuator/info],methods=[GET],produces=[application/vnd.spring-boot.actuator.v2+json || application/json]}" onto public java.lang.Object org.springframework.boot.actuate.endpoint.web.servlet.AbstractWebMvcEndpointHandlerMapping$OperationHandler.handle(javax.servlet.http.HttpServletRequest,java.util.Map<java.lang.String, java.lang.String>)
2018-Aug-25 08:55:42.296 INFO  [restartedMain] o.s.b.a.e.w.s.WebMvcEndpointHandlerMapping - Mapped "{[/actuator/logfile],methods=[GET],produces=[application/octet-stream]}" onto public java.lang.Object org.springframework.boot.actuate.endpoint.web.servlet.AbstractWebMvcEndpointHandlerMapping$OperationHandler.handle(javax.servlet.http.HttpServletRequest,java.util.Map<java.lang.String, java.lang.String>)
2018-Aug-25 08:55:42.297 INFO  [restartedMain] o.s.b.a.e.w.s.WebMvcEndpointHandlerMapping - Mapped "{[/actuator/loggers],methods=[GET],produces=[application/vnd.spring-boot.actuator.v2+json || application/json]}" onto public java.lang.Object org.springframework.boot.actuate.endpoint.web.servlet.AbstractWebMvcEndpointHandlerMapping$OperationHandler.handle(javax.servlet.http.HttpServletRequest,java.util.Map<java.lang.String, java.lang.String>)
2018-Aug-25 08:55:42.298 INFO  [restartedMain] o.s.b.a.e.w.s.WebMvcEndpointHandlerMapping - Mapped "{[/actuator/loggers/{name}],methods=[GET],produces=[application/vnd.spring-boot.actuator.v2+json || application/json]}" onto public java.lang.Object org.springframework.boot.actuate.endpoint.web.servlet.AbstractWebMvcEndpointHandlerMapping$OperationHandler.handle(javax.servlet.http.HttpServletRequest,java.util.Map<java.lang.String, java.lang.String>)
2018-Aug-25 08:55:42.300 INFO  [restartedMain] o.s.b.a.e.w.s.WebMvcEndpointHandlerMapping - Mapped "{[/actuator/loggers/{name}],methods=[POST],consumes=[application/vnd.spring-boot.actuator.v2+json || application/json]}" onto public java.lang.Object org.springframework.boot.actuate.endpoint.web.servlet.AbstractWebMvcEndpointHandlerMapping$OperationHandler.handle(javax.servlet.http.HttpServletRequest,java.util.Map<java.lang.String, java.lang.String>)
2018-Aug-25 08:55:42.302 INFO  [restartedMain] o.s.b.a.e.w.s.WebMvcEndpointHandlerMapping - Mapped "{[/actuator/heapdump],methods=[GET],produces=[application/octet-stream]}" onto public java.lang.Object org.springframework.boot.actuate.endpoint.web.servlet.AbstractWebMvcEndpointHandlerMapping$OperationHandler.handle(javax.servlet.http.HttpServletRequest,java.util.Map<java.lang.String, java.lang.String>)
2018-Aug-25 08:55:42.305 INFO  [restartedMain] o.s.b.a.e.w.s.WebMvcEndpointHandlerMapping - Mapped "{[/actuator/threaddump],methods=[GET],produces=[application/vnd.spring-boot.actuator.v2+json || application/json]}" onto public java.lang.Object org.springframework.boot.actuate.endpoint.web.servlet.AbstractWebMvcEndpointHandlerMapping$OperationHandler.handle(javax.servlet.http.HttpServletRequest,java.util.Map<java.lang.String, java.lang.String>)
2018-Aug-25 08:55:42.309 INFO  [restartedMain] o.s.b.a.e.w.s.WebMvcEndpointHandlerMapping - Mapped "{[/actuator/metrics/{requiredMetricName}],methods=[GET],produces=[application/vnd.spring-boot.actuator.v2+json || application/json]}" onto public java.lang.Object org.springframework.boot.actuate.endpoint.web.servlet.AbstractWebMvcEndpointHandlerMapping$OperationHandler.handle(javax.servlet.http.HttpServletRequest,java.util.Map<java.lang.String, java.lang.String>)
2018-Aug-25 08:55:42.312 INFO  [restartedMain] o.s.b.a.e.w.s.WebMvcEndpointHandlerMapping - Mapped "{[/actuator/metrics],methods=[GET],produces=[application/vnd.spring-boot.actuator.v2+json || application/json]}" onto public java.lang.Object org.springframework.boot.actuate.endpoint.web.servlet.AbstractWebMvcEndpointHandlerMapping$OperationHandler.handle(javax.servlet.http.HttpServletRequest,java.util.Map<java.lang.String, java.lang.String>)
2018-Aug-25 08:55:42.316 INFO  [restartedMain] o.s.b.a.e.w.s.WebMvcEndpointHandlerMapping - Mapped "{[/actuator/scheduledtasks],methods=[GET],produces=[application/vnd.spring-boot.actuator.v2+json || application/json]}" onto public java.lang.Object org.springframework.boot.actuate.endpoint.web.servlet.AbstractWebMvcEndpointHandlerMapping$OperationHandler.handle(javax.servlet.http.HttpServletRequest,java.util.Map<java.lang.String, java.lang.String>)
2018-Aug-25 08:55:42.317 INFO  [restartedMain] o.s.b.a.e.w.s.WebMvcEndpointHandlerMapping - Mapped "{[/actuator/httptrace],methods=[GET],produces=[application/vnd.spring-boot.actuator.v2+json || application/json]}" onto public java.lang.Object org.springframework.boot.actuate.endpoint.web.servlet.AbstractWebMvcEndpointHandlerMapping$OperationHandler.handle(javax.servlet.http.HttpServletRequest,java.util.Map<java.lang.String, java.lang.String>)
2018-Aug-25 08:55:42.319 INFO  [restartedMain] o.s.b.a.e.w.s.WebMvcEndpointHandlerMapping - Mapped "{[/actuator/mappings],methods=[GET],produces=[application/vnd.spring-boot.actuator.v2+json || application/json]}" onto public java.lang.Object org.springframework.boot.actuate.endpoint.web.servlet.AbstractWebMvcEndpointHandlerMapping$OperationHandler.handle(javax.servlet.http.HttpServletRequest,java.util.Map<java.lang.String, java.lang.String>)
2018-Aug-25 08:55:42.323 INFO  [restartedMain] o.s.b.a.e.w.s.WebMvcEndpointHandlerMapping - Mapped "{[/actuator],methods=[GET],produces=[application/vnd.spring-boot.actuator.v2+json || application/json]}" onto protected java.util.Map<java.lang.String, java.util.Map<java.lang.String, org.springframework.boot.actuate.endpoint.web.Link>> org.springframework.boot.actuate.endpoint.web.servlet.WebMvcEndpointHandlerMapping.links(javax.servlet.http.HttpServletRequest,javax.servlet.http.HttpServletResponse)
2018-Aug-25 08:55:42.487 INFO  [restartedMain] o.s.j.e.a.AnnotationMBeanExporter - Registering beans for JMX exposure on startup
2018-Aug-25 08:55:42.621 INFO  [restartedMain] o.s.b.w.e.t.TomcatWebServer - Tomcat started on port(s): 8080 (http) with context path ''
2018-Aug-25 08:55:42.640 INFO  [restartedMain] c.t.SpringBootLearning - Started SpringBootLearning in 13.278 seconds (JVM running for 15.945)
2018-Aug-25 08:57:30.723 INFO  [RMI TCP Connection(7)-127.0.0.1] o.s.b.a.SpringApplicationAdminMXBeanRegistrar$SpringApplicationAdmin - Application shutdown requested.
2018-Aug-25 08:57:30.724 INFO  [RMI TCP Connection(7)-127.0.0.1] o.s.b.w.s.c.AnnotationConfigServletWebServerApplicationContext - Closing org.springframework.boot.web.servlet.context.AnnotationConfigServletWebServerApplicationContext@38a981be: startup date [Sat Aug 25 08:55:30 IST 2018]; root of context hierarchy
2018-Aug-25 08:57:30.787 INFO  [RMI TCP Connection(7)-127.0.0.1] o.s.j.e.a.AnnotationMBeanExporter - Unregistering JMX-exposed beans on shutdown
